  descriptor.cpp
  elas.cpp
f:\毕业设计\project\elas\vs\elas-x64\elas.h(95): warning C4305: “=”: 从“double”到“float”截断
f:\毕业设计\project\elas\vs\elas-x64\elas.h(103): warning C4305: “=”: 从“double”到“float”截断
f:\毕业设计\project\elas\vs\elas-x64\elas.h(122): warning C4305: “=”: 从“double”到“float”截断
f:\毕业设计\project\elas\vs\elas-x64\elas.h(130): warning C4305: “=”: 从“double”到“float”截断
f:\毕业设计\project\elas\vs\elas-x64\elas.cpp(247): warning C4018: “<”: 有符号/无符号不匹配
f:\毕业设计\project\elas\vs\elas-x64\elas.cpp(249): warning C4018: “<”: 有符号/无符号不匹配
f:\毕业设计\project\elas\vs\elas-x64\elas.cpp(265): warning C4018: “<”: 有符号/无符号不匹配
f:\毕业设计\project\elas\vs\elas-x64\elas.cpp(456): warning C4018: “<”: 有符号/无符号不匹配
f:\毕业设计\project\elas\vs\elas-x64\elas.cpp(457): warning C4244: “=”: 从“int32_t”转换到“float”，可能丢失数据
f:\毕业设计\project\elas\vs\elas-x64\elas.cpp(458): warning C4244: “=”: 从“int32_t”转换到“float”，可能丢失数据
f:\毕业设计\project\elas\vs\elas-x64\elas.cpp(461): warning C4018: “<”: 有符号/无符号不匹配
f:\毕业设计\project\elas\vs\elas-x64\elas.cpp(462): warning C4244: “=”: 从“int32_t”转换到“float”，可能丢失数据
f:\毕业设计\project\elas\vs\elas-x64\elas.cpp(463): warning C4244: “=”: 从“int32_t”转换到“float”，可能丢失数据
f:\毕业设计\project\elas\vs\elas-x64\elas.cpp(514): warning C4018: “<”: 有符号/无符号不匹配
f:\毕业设计\project\elas\vs\elas-x64\elas.cpp(538): warning C4244: “=”: 从“FLOAT”转换到“float”，可能丢失数据
f:\毕业设计\project\elas\vs\elas-x64\elas.cpp(539): warning C4244: “=”: 从“FLOAT”转换到“float”，可能丢失数据
f:\毕业设计\project\elas\vs\elas-x64\elas.cpp(540): warning C4244: “=”: 从“FLOAT”转换到“float”，可能丢失数据
f:\毕业设计\project\elas\vs\elas-x64\elas.cpp(566): warning C4244: “=”: 从“FLOAT”转换到“float”，可能丢失数据
f:\毕业设计\project\elas\vs\elas-x64\elas.cpp(567): warning C4244: “=”: 从“FLOAT”转换到“float”，可能丢失数据
f:\毕业设计\project\elas\vs\elas-x64\elas.cpp(568): warning C4244: “=”: 从“FLOAT”转换到“float”，可能丢失数据
f:\毕业设计\project\elas\vs\elas-x64\elas.cpp(590): warning C4018: “<”: 有符号/无符号不匹配
f:\毕业设计\project\elas\vs\elas-x64\elas.cpp(603): warning C4244: “=”: 从“float”转换到“int32_t”，可能丢失数据
f:\毕业设计\project\elas\vs\elas-x64\elas.cpp(605): warning C4244: “=”: 从“float”转换到“int32_t”，可能丢失数据
f:\毕业设计\project\elas\vs\elas-x64\elas.cpp(606): warning C4244: “初始化”: 从“float”转换到“int32_t”，可能丢失数据
f:\毕业设计\project\elas\vs\elas-x64\elas.cpp(778): warning C4244: “=”: 从“int32_t”转换到“float”，可能丢失数据
f:\毕业设计\project\elas\vs\elas-x64\elas.cpp(837): warning C4244: “=”: 从“int32_t”转换到“float”，可能丢失数据
f:\毕业设计\project\elas\vs\elas-x64\elas.cpp(838): warning C4244: “=”: 从“int32_t”转换到“float”，可能丢失数据
f:\毕业设计\project\elas\vs\elas-x64\elas.cpp(839): warning C4244: “=”: 从“int32_t”转换到“float”，可能丢失数据
f:\毕业设计\project\elas\vs\elas-x64\elas.cpp(841): warning C4244: “=”: 从“int32_t”转换到“float”，可能丢失数据
f:\毕业设计\project\elas\vs\elas-x64\elas.cpp(842): warning C4244: “=”: 从“int32_t”转换到“float”，可能丢失数据
f:\毕业设计\project\elas\vs\elas-x64\elas.cpp(843): warning C4244: “=”: 从“int32_t”转换到“float”，可能丢失数据
f:\毕业设计\project\elas\vs\elas-x64\elas.cpp(845): warning C4838: 从“int32_t”转换到“float”需要收缩转换
f:\毕业设计\project\elas\vs\elas-x64\elas.cpp(845): warning C4244: “初始化”: 从“int32_t”转换到“float”，可能丢失数据
f:\毕业设计\project\elas\vs\elas-x64\elas.cpp(990): warning C4244: “=”: 从“float”转换到“int32_t”，可能丢失数据
f:\毕业设计\project\elas\vs\elas-x64\elas.cpp(1320): warning C4305: “参数”: 从“int”到“float”截断
  filter.cpp
  main.cpp
f:\毕业设计\project\elas\vs\elas-x64\main.cpp(2): fatal error C1083: 无法打开包括文件: “opencv2/core/core.hpp”: No such file or directory
  matrix.cpp
  triangle.cpp
f:\毕业设计\project\elas\vs\elas-x64\triangle.cpp(1358): warning C4244: “=”: 从“double”转换到“float”，可能丢失数据
f:\毕业设计\project\elas\vs\elas-x64\triangle.cpp(1362): warning C4244: “=”: 从“double”转换到“float”，可能丢失数据
f:\毕业设计\project\elas\vs\elas-x64\triangle.cpp(1264): warning C4101: “k”: 未引用的局部变量
f:\毕业设计\project\elas\vs\elas-x64\triangle.cpp(1265): warning C4101: “workstring”: 未引用的局部变量
f:\毕业设计\project\elas\vs\elas-x64\triangle.cpp(1422): warning C4477: “printf”: 格式字符串“%lx”需要类型“unsigned long”的参数，但可变参数 1 拥有了类型“unsigned __int64”
  f:\毕业设计\project\elas\vs\elas-x64\triangle.cpp(1422): note: 请考虑在格式字符串中使用“%llx”
  f:\毕业设计\project\elas\vs\elas-x64\triangle.cpp(1422): note: 请考虑在格式字符串中使用“%I64x”
f:\毕业设计\project\elas\vs\elas-x64\triangle.cpp(1428): warning C4477: “printf”: 格式字符串“%lx”需要类型“unsigned long”的参数，但可变参数 1 拥有了类型“unsigned __int64”
  f:\毕业设计\project\elas\vs\elas-x64\triangle.cpp(1428): note: 请考虑在格式字符串中使用“%llx”
  f:\毕业设计\project\elas\vs\elas-x64\triangle.cpp(1428): note: 请考虑在格式字符串中使用“%I64x”
f:\毕业设计\project\elas\vs\elas-x64\triangle.cpp(1435): warning C4477: “printf”: 格式字符串“%lx”需要类型“unsigned long”的参数，但可变参数 1 拥有了类型“unsigned __int64”
  f:\毕业设计\project\elas\vs\elas-x64\triangle.cpp(1435): note: 请考虑在格式字符串中使用“%llx”
  f:\毕业设计\project\elas\vs\elas-x64\triangle.cpp(1435): note: 请考虑在格式字符串中使用“%I64x”
f:\毕业设计\project\elas\vs\elas-x64\triangle.cpp(1442): warning C4477: “printf”: 格式字符串“%lx”需要类型“unsigned long”的参数，但可变参数 1 拥有了类型“unsigned __int64”
  f:\毕业设计\project\elas\vs\elas-x64\triangle.cpp(1442): note: 请考虑在格式字符串中使用“%llx”
  f:\毕业设计\project\elas\vs\elas-x64\triangle.cpp(1442): note: 请考虑在格式字符串中使用“%I64x”
f:\毕业设计\project\elas\vs\elas-x64\triangle.cpp(1450): warning C4477: “printf”: 格式字符串“%lx”需要类型“unsigned long”的参数，但可变参数 2 拥有了类型“unsigned __int64”
  f:\毕业设计\project\elas\vs\elas-x64\triangle.cpp(1450): note: 请考虑在格式字符串中使用“%llx”
  f:\毕业设计\project\elas\vs\elas-x64\triangle.cpp(1450): note: 请考虑在格式字符串中使用“%I64x”
f:\毕业设计\project\elas\vs\elas-x64\triangle.cpp(1457): warning C4477: “printf”: 格式字符串“%lx”需要类型“unsigned long”的参数，但可变参数 2 拥有了类型“unsigned __int64”
  f:\毕业设计\project\elas\vs\elas-x64\triangle.cpp(1457): note: 请考虑在格式字符串中使用“%llx”
  f:\毕业设计\project\elas\vs\elas-x64\triangle.cpp(1457): note: 请考虑在格式字符串中使用“%I64x”
f:\毕业设计\project\elas\vs\elas-x64\triangle.cpp(1464): warning C4477: “printf”: 格式字符串“%lx”需要类型“unsigned long”的参数，但可变参数 2 拥有了类型“unsigned __int64”
  f:\毕业设计\project\elas\vs\elas-x64\triangle.cpp(1464): note: 请考虑在格式字符串中使用“%llx”
  f:\毕业设计\project\elas\vs\elas-x64\triangle.cpp(1464): note: 请考虑在格式字符串中使用“%I64x”
f:\毕业设计\project\elas\vs\elas-x64\triangle.cpp(1471): warning C4477: “printf”: 格式字符串“%lx”需要类型“unsigned long”的参数，但可变参数 1 拥有了类型“unsigned __int64”
  f:\毕业设计\project\elas\vs\elas-x64\triangle.cpp(1471): note: 请考虑在格式字符串中使用“%llx”
  f:\毕业设计\project\elas\vs\elas-x64\triangle.cpp(1471): note: 请考虑在格式字符串中使用“%I64x”
f:\毕业设计\project\elas\vs\elas-x64\triangle.cpp(1476): warning C4477: “printf”: 格式字符串“%lx”需要类型“unsigned long”的参数，但可变参数 1 拥有了类型“unsigned __int64”
  f:\毕业设计\project\elas\vs\elas-x64\triangle.cpp(1476): note: 请考虑在格式字符串中使用“%llx”
  f:\毕业设计\project\elas\vs\elas-x64\triangle.cpp(1476): note: 请考虑在格式字符串中使用“%I64x”
f:\毕业设计\project\elas\vs\elas-x64\triangle.cpp(1481): warning C4477: “printf”: 格式字符串“%lx”需要类型“unsigned long”的参数，但可变参数 1 拥有了类型“unsigned __int64”
  f:\毕业设计\project\elas\vs\elas-x64\triangle.cpp(1481): note: 请考虑在格式字符串中使用“%llx”
  f:\毕业设计\project\elas\vs\elas-x64\triangle.cpp(1481): note: 请考虑在格式字符串中使用“%I64x”
f:\毕业设计\project\elas\vs\elas-x64\triangle.cpp(1508): warning C4477: “printf”: 格式字符串“%lx”需要类型“unsigned long”的参数，但可变参数 1 拥有了类型“unsigned __int64”
  f:\毕业设计\project\elas\vs\elas-x64\triangle.cpp(1508): note: 请考虑在格式字符串中使用“%llx”
  f:\毕业设计\project\elas\vs\elas-x64\triangle.cpp(1508): note: 请考虑在格式字符串中使用“%I64x”
f:\毕业设计\project\elas\vs\elas-x64\triangle.cpp(1514): warning C4477: “printf”: 格式字符串“%lx”需要类型“unsigned long”的参数，但可变参数 1 拥有了类型“unsigned __int64”
  f:\毕业设计\project\elas\vs\elas-x64\triangle.cpp(1514): note: 请考虑在格式字符串中使用“%llx”
  f:\毕业设计\project\elas\vs\elas-x64\triangle.cpp(1514): note: 请考虑在格式字符串中使用“%I64x”
f:\毕业设计\project\elas\vs\elas-x64\triangle.cpp(1521): warning C4477: “printf”: 格式字符串“%lx”需要类型“unsigned long”的参数，但可变参数 1 拥有了类型“unsigned __int64”
  f:\毕业设计\project\elas\vs\elas-x64\triangle.cpp(1521): note: 请考虑在格式字符串中使用“%llx”
  f:\毕业设计\project\elas\vs\elas-x64\triangle.cpp(1521): note: 请考虑在格式字符串中使用“%I64x”
f:\毕业设计\project\elas\vs\elas-x64\triangle.cpp(1529): warning C4477: “printf”: 格式字符串“%lx”需要类型“unsigned long”的参数，但可变参数 2 拥有了类型“unsigned __int64”
  f:\毕业设计\project\elas\vs\elas-x64\triangle.cpp(1529): note: 请考虑在格式字符串中使用“%llx”
  f:\毕业设计\project\elas\vs\elas-x64\triangle.cpp(1529): note: 请考虑在格式字符串中使用“%I64x”
f:\毕业设计\project\elas\vs\elas-x64\triangle.cpp(1536): warning C4477: “printf”: 格式字符串“%lx”需要类型“unsigned long”的参数，但可变参数 2 拥有了类型“unsigned __int64”
  f:\毕业设计\project\elas\vs\elas-x64\triangle.cpp(1536): note: 请考虑在格式字符串中使用“%llx”
  f:\毕业设计\project\elas\vs\elas-x64\triangle.cpp(1536): note: 请考虑在格式字符串中使用“%I64x”
f:\毕业设计\project\elas\vs\elas-x64\triangle.cpp(1544): warning C4477: “printf”: 格式字符串“%lx”需要类型“unsigned long”的参数，但可变参数 1 拥有了类型“unsigned __int64”
  f:\毕业设计\project\elas\vs\elas-x64\triangle.cpp(1544): note: 请考虑在格式字符串中使用“%llx”
  f:\毕业设计\project\elas\vs\elas-x64\triangle.cpp(1544): note: 请考虑在格式字符串中使用“%I64x”
f:\毕业设计\project\elas\vs\elas-x64\triangle.cpp(1551): warning C4477: “printf”: 格式字符串“%lx”需要类型“unsigned long”的参数，但可变参数 1 拥有了类型“unsigned __int64”
  f:\毕业设计\project\elas\vs\elas-x64\triangle.cpp(1551): note: 请考虑在格式字符串中使用“%llx”
  f:\毕业设计\project\elas\vs\elas-x64\triangle.cpp(1551): note: 请考虑在格式字符串中使用“%I64x”
f:\毕业设计\project\elas\vs\elas-x64\triangle.cpp(1559): warning C4477: “printf”: 格式字符串“%lx”需要类型“unsigned long”的参数，但可变参数 2 拥有了类型“unsigned __int64”
  f:\毕业设计\project\elas\vs\elas-x64\triangle.cpp(1559): note: 请考虑在格式字符串中使用“%llx”
  f:\毕业设计\project\elas\vs\elas-x64\triangle.cpp(1559): note: 请考虑在格式字符串中使用“%I64x”
f:\毕业设计\project\elas\vs\elas-x64\triangle.cpp(1566): warning C4477: “printf”: 格式字符串“%lx”需要类型“unsigned long”的参数，但可变参数 2 拥有了类型“unsigned __int64”
  f:\毕业设计\project\elas\vs\elas-x64\triangle.cpp(1566): note: 请考虑在格式字符串中使用“%llx”
  f:\毕业设计\project\elas\vs\elas-x64\triangle.cpp(1566): note: 请考虑在格式字符串中使用“%I64x”
f:\毕业设计\project\elas\vs\elas-x64\triangle.cpp(2434): warning C4244: “=”: 从“double”转换到“float”，可能丢失数据
f:\毕业设计\project\elas\vs\elas-x64\triangle.cpp(2438): warning C4244: “=”: 从“double”转换到“float”，可能丢失数据
f:\毕业设计\project\elas\vs\elas-x64\triangle.cpp(2439): warning C4244: “=”: 从“double”转换到“float”，可能丢失数据
f:\毕业设计\project\elas\vs\elas-x64\triangle.cpp(2440): warning C4244: “=”: 从“double”转换到“float”，可能丢失数据
f:\毕业设计\project\elas\vs\elas-x64\triangle.cpp(2441): warning C4244: “=”: 从“double”转换到“float”，可能丢失数据
f:\毕业设计\project\elas\vs\elas-x64\triangle.cpp(2442): warning C4244: “=”: 从“double”转换到“float”，可能丢失数据
f:\毕业设计\project\elas\vs\elas-x64\triangle.cpp(2443): warning C4244: “=”: 从“double”转换到“float”，可能丢失数据
f:\毕业设计\project\elas\vs\elas-x64\triangle.cpp(2444): warning C4244: “=”: 从“double”转换到“float”，可能丢失数据
f:\毕业设计\project\elas\vs\elas-x64\triangle.cpp(2445): warning C4244: “=”: 从“double”转换到“float”，可能丢失数据
f:\毕业设计\project\elas\vs\elas-x64\triangle.cpp(2446): warning C4244: “=”: 从“double”转换到“float”，可能丢失数据
f:\毕业设计\project\elas\vs\elas-x64\triangle.cpp(2447): warning C4244: “=”: 从“double”转换到“float”，可能丢失数据
f:\毕业设计\project\elas\vs\elas-x64\triangle.cpp(2894): warning C4244: “+=”: 从“double”转换到“float”，可能丢失数据
f:\毕业设计\project\elas\vs\elas-x64\triangle.cpp(2926): warning C4244: “参数”: 从“double”转换到“float”，可能丢失数据
f:\毕业设计\project\elas\vs\elas-x64\triangle.cpp(2945): warning C4244: “参数”: 从“double”转换到“float”，可能丢失数据
f:\毕业设计\project\elas\vs\elas-x64\triangle.cpp(2964): warning C4244: “参数”: 从“double”转换到“float”，可能丢失数据
f:\毕业设计\project\elas\vs\elas-x64\triangle.cpp(2983): warning C4244: “参数”: 从“double”转换到“float”，可能丢失数据
f:\毕业设计\project\elas\vs\elas-x64\triangle.cpp(3002): warning C4244: “参数”: 从“double”转换到“float”，可能丢失数据
f:\毕业设计\project\elas\vs\elas-x64\triangle.cpp(3021): warning C4244: “参数”: 从“double”转换到“float”，可能丢失数据
f:\毕业设计\project\elas\vs\elas-x64\triangle.cpp(3069): warning C4244: “参数”: 从“double”转换到“float”，可能丢失数据
f:\毕业设计\project\elas\vs\elas-x64\triangle.cpp(3096): warning C4244: “参数”: 从“double”转换到“float”，可能丢失数据
f:\毕业设计\project\elas\vs\elas-x64\triangle.cpp(3111): warning C4244: “参数”: 从“double”转换到“float”，可能丢失数据
f:\毕业设计\project\elas\vs\elas-x64\triangle.cpp(3123): warning C4244: “参数”: 从“double”转换到“float”，可能丢失数据
f:\毕业设计\project\elas\vs\elas-x64\triangle.cpp(3166): warning C4244: “参数”: 从“double”转换到“float”，可能丢失数据
f:\毕业设计\project\elas\vs\elas-x64\triangle.cpp(3193): warning C4244: “参数”: 从“double”转换到“float”，可能丢失数据
f:\毕业设计\project\elas\vs\elas-x64\triangle.cpp(3208): warning C4244: “参数”: 从“double”转换到“float”，可能丢失数据
f:\毕业设计\project\elas\vs\elas-x64\triangle.cpp(3220): warning C4244: “参数”: 从“double”转换到“float”，可能丢失数据
f:\毕业设计\project\elas\vs\elas-x64\triangle.cpp(3263): warning C4244: “参数”: 从“double”转换到“float”，可能丢失数据
f:\毕业设计\project\elas\vs\elas-x64\triangle.cpp(3290): warning C4244: “参数”: 从“double”转换到“float”，可能丢失数据
f:\毕业设计\project\elas\vs\elas-x64\triangle.cpp(3305): warning C4244: “参数”: 从“double”转换到“float”，可能丢失数据
f:\毕业设计\project\elas\vs\elas-x64\triangle.cpp(3317): warning C4244: “参数”: 从“double”转换到“float”，可能丢失数据
f:\毕业设计\project\elas\vs\elas-x64\triangle.cpp(3934): warning C4244: “=”: 从“double”转换到“float”，可能丢失数据
f:\毕业设计\project\elas\vs\elas-x64\triangle.cpp(3939): warning C4244: “=”: 从“double”转换到“float”，可能丢失数据
f:\毕业设计\project\elas\vs\elas-x64\triangle.cpp(3954): warning C4244: “=”: 从“double”转换到“float”，可能丢失数据
f:\毕业设计\project\elas\vs\elas-x64\triangle.cpp(3955): warning C4244: “=”: 从“double”转换到“float”，可能丢失数据
f:\毕业设计\project\elas\vs\elas-x64\triangle.cpp(3965): warning C4244: “=”: 从“double”转换到“float”，可能丢失数据
f:\毕业设计\project\elas\vs\elas-x64\triangle.cpp(3966): warning C4244: “=”: 从“double”转换到“float”，可能丢失数据
f:\毕业设计\project\elas\vs\elas-x64\triangle.cpp(3976): warning C4244: “=”: 从“double”转换到“float”，可能丢失数据
f:\毕业设计\project\elas\vs\elas-x64\triangle.cpp(3978): warning C4244: “=”: 从“double”转换到“float”，可能丢失数据
f:\毕业设计\project\elas\vs\elas-x64\triangle.cpp(3998): warning C4244: “=”: 从“double”转换到“float”，可能丢失数据
f:\毕业设计\project\elas\vs\elas-x64\triangle.cpp(3999): warning C4244: “=”: 从“double”转换到“float”，可能丢失数据
f:\毕业设计\project\elas\vs\elas-x64\triangle.cpp(5209): warning C4244: “=”: 从“double”转换到“float”，可能丢失数据
f:\毕业设计\project\elas\vs\elas-x64\triangle.cpp(5220): warning C4244: “=”: 从“double”转换到“float”，可能丢失数据
f:\毕业设计\project\elas\vs\elas-x64\triangle.cpp(6916): warning C4996: 'strcpy': This function or variable may be unsafe. Consider using strcpy_s instead. To disable deprecation, use _CRT_SECURE_NO_WARNINGS. See online help for details.
  c:\program files (x86)\windows kits\10\include\10.0.17134.0\ucrt\string.h(133): note: 参见“strcpy”的声明
f:\毕业设计\project\elas\vs\elas-x64\triangle.cpp(7594): warning C4244: “=”: 从“double”转换到“float”，可能丢失数据
f:\毕业设计\project\elas\vs\elas-x64\triangle.cpp(8216): warning C4305: “=”: 从“double”到“float”截断
f:\毕业设计\project\elas\vs\elas-x64\triangle.cpp(8217): warning C4305: “=”: 从“double”到“float”截断
f:\毕业设计\project\elas\vs\elas-x64\triangle.cpp(8219): warning C4244: “=”: 从“double”转换到“float”，可能丢失数据
f:\毕业设计\project\elas\vs\elas-x64\triangle.cpp(8328): warning C4244: “=”: 从“double”转换到“float”，可能丢失数据
f:\毕业设计\project\elas\vs\elas-x64\triangle.cpp(8329): warning C4244: “=”: 从“double”转换到“float”，可能丢失数据
f:\毕业设计\project\elas\vs\elas-x64\triangle.cpp(8330): warning C4244: “=”: 从“double”转换到“float”，可能丢失数据
f:\毕业设计\project\elas\vs\elas-x64\triangle.cpp(8331): warning C4244: “=”: 从“double”转换到“float”，可能丢失数据
f:\毕业设计\project\elas\vs\elas-x64\triangle.cpp(8337): warning C4244: “=”: 从“double”转换到“float”，可能丢失数据
f:\毕业设计\project\elas\vs\elas-x64\triangle.cpp(8343): warning C4244: “=”: 从“double”转换到“float”，可能丢失数据
f:\毕业设计\project\elas\vs\elas-x64\triangle.cpp(8345): warning C4244: “=”: 从“double”转换到“float”，可能丢失数据
  正在生成代码...
f:\毕业设计\project\elas\vs\elas-x64\matrix.cpp(414): warning C4715: “Matrix::det”: 不是所有的控件路径都返回值
